<?xml version="1.0" encoding="UTF-8" ?>
<testsuite tests="7" failures="0" name="DetectiveSemesterTest" time="7.276" errors="0" skipped="0">
  <properties>
[...]
</properties>
  <testcase classname="DetectiveSemesterTest" name="GetMinutesFromTimeStringTest" time="0"/>
  <testcase classname="DetectiveSemesterTest" name="GetTimesTest" time="3.841"/>
  <testcase classname="DetectiveSemesterTest" name="IsStringNumberTest" time="0"/>
  <testcase classname="DetectiveSemesterTest" name="IsEqualsInListTest" time="0"/>
  <testcase classname="DetectiveSemesterTest" name="startAnInvestigationTest" time="1.681"/>
  <testcase classname="DetectiveSemesterTest" name="openFirstXls" time="0.865"/>
  <testcase classname="DetectiveSemesterTest" name="GetCouplesFromDayTest" time="0.889"/>
</testsuite>